<?xml version="1.0" encoding="UTF-8"?>
<!-- Generated by org.testng.reporters.JUnitXMLReporter -->
<testsuite ignored="2" hostname="LAPTOP-O2EDIB3G" failures="0" tests="1" name="Default test" time="4.275" errors="0" timestamp="2023-08-30T11:02:57 AEST">
  <testcase classname="TestCase01_GET" name="Test03_Post" time="4.192"/>
  <testcase classname="TestCase01_GET" name="Test02_GetFailed" time="0.0">
    <ignored/>
  </testcase> <!-- Test02_GetFailed -->
  <testcase classname="TestCase01_GET" name="Test01_Get" time="0.0">
    <ignored/>
  </testcase> <!-- Test01_Get -->
</testsuite> <!-- Default test -->
