<?xml version="1.0" encoding="UTF-8"?>
<testng-results ignored="0" total="1" passed="1" failed="0" skipped="0">
  <reporter-output>
  </reporter-output>
  <suite started-at="2023-08-30T11:02:53 AEST" name="Default suite" finished-at="2023-08-30T11:02:57 AEST" duration-ms="4275">
    <groups>
    </groups>
    <test started-at="2023-08-30T11:02:53 AEST" name="Default test" finished-at="2023-08-30T11:02:57 AEST" duration-ms="4275">
      <class name="TestCase01_GET">
        <test-method signature="Test03_Post()[pri:0, instance:TestCase01_GET@441772e]" started-at="2023-08-30T11:02:53 AEST" name="Test03_Post" finished-at="2023-08-30T11:02:57 AEST" duration-ms="4192" status="PASS">
          <reporter-output>
          </reporter-output>
        </test-method> <!-- Test03_Post -->
      </class> <!-- TestCase01_GET -->
    </test> <!-- Default test -->
  </suite> <!-- Default suite -->
</testng-results>
